<?xml version="1.0" encoding="UTF-8"?>
<coverage generated="1764200512219" clover="3.2.0">
  <project timestamp="1764200512220" name="All files">
    <metrics statements="4" coveredstatements="4" conditionals="6" coveredconditionals="3" methods="2" coveredmethods="2" elements="12" coveredelements="9" complexity="0" loc="4" ncloc="4" packages="1" files="1" classes="1"/>
    <file name="farmaciaApi.js" path="C:\Users\Enisson\Desktop\Nova pasta\Pasta\api\farmaciaApi.js">
      <metrics statements="4" coveredstatements="4" conditionals="6" coveredconditionals="3" methods="2" coveredmethods="2"/>
      <line num="4" count="1" type="stmt"/>
      <line num="5" count="1" type="stmt"/>
      <line num="6" count="1" type="cond" truecount="1" falsecount="1"/>
      <line num="8" count="1" type="stmt"/>
    </file>
  </project>
</coverage>
