{"C:\\Users\\Enisson\\Desktop\\Nova pasta\\Pasta\\api\\farmaciaApi.js": {"path":"C:\\Users\\Enisson\\Desktop\\Nova pasta\\Pasta\\api\\farmaciaApi.js","statementMap":{"0":{"start":{"line":4,"column":14},"end":{"line":4,"column":46}},"1":{"start":{"line":5,"column":19},"end":{"line":5,"column":39}},"2":{"start":{"line":6,"column":19},"end":{"line":6,"column":48}},"3":{"start":{"line":8,"column":2},"end":{"line":11,"column":6}},"4":{"start":{"line":8,"column":28},"end":{"line":11,"column":3}}},"fnMap":{"0":{"name":"getMedicamentos","decl":{"start":{"line":3,"column":30},"end":{"line":3,"column":45}},"loc":{"start":{"line":3,"column":48},"end":{"line":12,"column":1}},"line":3},"1":{"name":"(anonymous_1)","decl":{"start":{"line":8,"column":22},"end":{"line":8,"column":23}},"loc":{"start":{"line":8,"column":28},"end":{"line":11,"column":3}},"line":8}},"branchMap":{"0":{"loc":{"start":{"line":6,"column":19},"end":{"line":6,"column":48}},"type":"binary-expr","locations":[{"start":{"line":6,"column":19},"end":{"line":6,"column":42}},{"start":{"line":6,"column":46},"end":{"line":6,"column":48}}],"line":6},"1":{"loc":{"start":{"line":9,"column":10},"end":{"line":9,"column":23}},"type":"binary-expr","locations":[{"start":{"line":9,"column":10},"end":{"line":9,"column":17}},{"start":{"line":9,"column":21},"end":{"line":9,"column":23}}],"line":9},"2":{"loc":{"start":{"line":10,"column":16},"end":{"line":10,"column":29}},"type":"binary-expr","locations":[{"start":{"line":10,"column":16},"end":{"line":10,"column":23}},{"start":{"line":10,"column":27},"end":{"line":10,"column":29}}],"line":10}},"s":{"0":1,"1":1,"2":1,"3":1,"4":1},"f":{"0":1,"1":1},"b":{"0":[1,0],"1":[1,0],"2":[1,0]},"_coverageSchema":"1a1c01bbd47fc00a2c39e90264f33305004495a9","hash":"43c0c4edc1a4f676f964074a412bb0858e54176e"}
}
